-Xlint:ignore
-1.8
-encoding
UTF-8
-showWeaveInfo
-source
1.8
-target
1.8
-verbose
-classpath
C:\Users\tomit\.m2\repository\org\springframework\spring-context\4.0.2.RELEASE\spring-context-4.0.2.RELEASE.jar;C:\Users\tomit\.m2\repository\org\springframework\spring-aop\4.0.2.RELEASE\spring-aop-4.0.2.RELEASE.jar;C:\Users\tomit\.m2\repository\org\slf4j\slf4j-simple\1.7.21\slf4j-simple-1.7.21.jar;C:\Users\tomit\.m2\repository\org\aspectj\aspectjrt\1.8.9\aspectjrt-1.8.9.jar;C:\Users\tomit\.m2\repository\org\aspectj\aspectjweaver\1.8.9\aspectjweaver-1.8.9.jar;C:\Users\tomit\.m2\repository\org\springframework\spring-beans\4.0.2.RELEASE\spring-beans-4.0.2.RELEASE.jar;C:\Users\tomit\.m2\repository\org\springframework\spring-core\4.0.2.RELEASE\spring-core-4.0.2.RELEASE.jar;C:\Users\tomit\.m2\repository\commons-logging\commons-logging\1.1.3\commons-logging-1.1.3.jar;C:\Users\tomit\.m2\repository\org\springframework\spring-expression\4.0.2.RELEASE\spring-expression-4.0.2.RELEASE.jar;C:\Users\tomit\.m2\repository\aopalliance\aopalliance\1.0\aopalliance-1.0.jar;C:\Users\tomit\.m2\repository\org\slf4j\slf4j-api\1.7.21\slf4j-api-1.7.21.jar;D:\OneDrive - alum.uca.es\Apuntes\Curso 22 23\Segundo Cuatrimestre\IISS\Practicas\iiss-ejercicios-java\oop-p3\ejercicio-aspectj-plantilla\target\classes
-d
D:\OneDrive - alum.uca.es\Apuntes\Curso 22 23\Segundo Cuatrimestre\IISS\Practicas\iiss-ejercicios-java\oop-p3\ejercicio-aspectj-plantilla\target\classes
D:\OneDrive - alum.uca.es\Apuntes\Curso 22 23\Segundo Cuatrimestre\IISS\Practicas\iiss-ejercicios-java\oop-p3\ejercicio-aspectj-plantilla\src\main\java\es\uca\iiss\aspectj\Bank.java
D:\OneDrive - alum.uca.es\Apuntes\Curso 22 23\Segundo Cuatrimestre\IISS\Practicas\iiss-ejercicios-java\oop-p3\ejercicio-aspectj-plantilla\src\main\java\es\uca\iiss\aspectj\LoginAspect.aj
D:\OneDrive - alum.uca.es\Apuntes\Curso 22 23\Segundo Cuatrimestre\IISS\Practicas\iiss-ejercicios-java\oop-p3\ejercicio-aspectj-plantilla\src\main\java\es\uca\iiss\aspectj\LoginAspect.java
D:\OneDrive - alum.uca.es\Apuntes\Curso 22 23\Segundo Cuatrimestre\IISS\Practicas\iiss-ejercicios-java\oop-p3\ejercicio-aspectj-plantilla\src\main\java\Main.java
D:\OneDrive - alum.uca.es\Apuntes\Curso 22 23\Segundo Cuatrimestre\IISS\Practicas\iiss-ejercicios-java\oop-p3\ejercicio-aspectj-plantilla\src\main\java\Main2.java
D:\OneDrive - alum.uca.es\Apuntes\Curso 22 23\Segundo Cuatrimestre\IISS\Practicas\iiss-ejercicios-java\oop-p3\ejercicio-aspectj-plantilla\src\main\java\org\baeldung\aspectj\Account.java
D:\OneDrive - alum.uca.es\Apuntes\Curso 22 23\Segundo Cuatrimestre\IISS\Practicas\iiss-ejercicios-java\oop-p3\ejercicio-aspectj-plantilla\src\main\java\org\baeldung\aspectj\AccountAspect.aj
D:\OneDrive - alum.uca.es\Apuntes\Curso 22 23\Segundo Cuatrimestre\IISS\Practicas\iiss-ejercicios-java\oop-p3\ejercicio-aspectj-plantilla\src\main\java\org\baeldung\aspectj\Secured.java
D:\OneDrive - alum.uca.es\Apuntes\Curso 22 23\Segundo Cuatrimestre\IISS\Practicas\iiss-ejercicios-java\oop-p3\ejercicio-aspectj-plantilla\src\main\java\org\baeldung\aspectj\SecuredMethod.java
D:\OneDrive - alum.uca.es\Apuntes\Curso 22 23\Segundo Cuatrimestre\IISS\Practicas\iiss-ejercicios-java\oop-p3\ejercicio-aspectj-plantilla\src\main\java\org\baeldung\aspectj\SecuredMethodAspect.java
D:\OneDrive - alum.uca.es\Apuntes\Curso 22 23\Segundo Cuatrimestre\IISS\Practicas\iiss-ejercicios-java\oop-p3\ejercicio-aspectj-plantilla\src\main\java\org\baeldung\logger\AdderAfterAspect.java
D:\OneDrive - alum.uca.es\Apuntes\Curso 22 23\Segundo Cuatrimestre\IISS\Practicas\iiss-ejercicios-java\oop-p3\ejercicio-aspectj-plantilla\src\main\java\org\baeldung\logger\AdderAfterReturnAspect.java
D:\OneDrive - alum.uca.es\Apuntes\Curso 22 23\Segundo Cuatrimestre\IISS\Practicas\iiss-ejercicios-java\oop-p3\ejercicio-aspectj-plantilla\src\main\java\org\baeldung\logger\AdderAfterThrowAspect.java
D:\OneDrive - alum.uca.es\Apuntes\Curso 22 23\Segundo Cuatrimestre\IISS\Practicas\iiss-ejercicios-java\oop-p3\ejercicio-aspectj-plantilla\src\main\java\org\baeldung\logger\AdderAroundAspect.java
D:\OneDrive - alum.uca.es\Apuntes\Curso 22 23\Segundo Cuatrimestre\IISS\Practicas\iiss-ejercicios-java\oop-p3\ejercicio-aspectj-plantilla\src\main\java\org\baeldung\logger\AdderBeforeAspect.java
D:\OneDrive - alum.uca.es\Apuntes\Curso 22 23\Segundo Cuatrimestre\IISS\Practicas\iiss-ejercicios-java\oop-p3\ejercicio-aspectj-plantilla\src\main\java\org\baeldung\logger\SampleAdder.java
D:\OneDrive - alum.uca.es\Apuntes\Curso 22 23\Segundo Cuatrimestre\IISS\Practicas\iiss-ejercicios-java\oop-p3\ejercicio-aspectj-plantilla\src\main\java\org\baeldung\performancemonitor\AopConfiguration.java
D:\OneDrive - alum.uca.es\Apuntes\Curso 22 23\Segundo Cuatrimestre\IISS\Practicas\iiss-ejercicios-java\oop-p3\ejercicio-aspectj-plantilla\src\main\java\org\baeldung\performancemonitor\MyPerformanceMonitorInterceptor.java
D:\OneDrive - alum.uca.es\Apuntes\Curso 22 23\Segundo Cuatrimestre\IISS\Practicas\iiss-ejercicios-java\oop-p3\ejercicio-aspectj-plantilla\src\main\java\org\baeldung\performancemonitor\PerfomanceApp.java
D:\OneDrive - alum.uca.es\Apuntes\Curso 22 23\Segundo Cuatrimestre\IISS\Practicas\iiss-ejercicios-java\oop-p3\ejercicio-aspectj-plantilla\src\main\java\org\baeldung\performancemonitor\Person.java
D:\OneDrive - alum.uca.es\Apuntes\Curso 22 23\Segundo Cuatrimestre\IISS\Practicas\iiss-ejercicios-java\oop-p3\ejercicio-aspectj-plantilla\src\main\java\org\baeldung\performancemonitor\PersonService.java
